Start testing: Oct 05 15:10 Paris, Madrid (heure d?été)
----------------------------------------------------------
Test not available without configuration.  (Missing "-C <config>"?)
1/2 Testing: test_hello
1/2 Test: test_hello
Command: "NOT_AVAILABLE"
Directory: O:/Documents/S9/Cmake/github/cmakeorganized/tests/build
"test_hello" start time: 
Output:
----------------------------------------------------------
<end of output>
Test time =   0.00 sec
----------------------------------------------------------
Test Passed.
"test_hello" end time: Oct 05 15:10 Paris, Madrid (heure d?été)
"test_hello" time elapsed: 00:00:00
----------------------------------------------------------

Test not available without configuration.  (Missing "-C <config>"?)
2/2 Testing: test_version
2/2 Test: test_version
Command: "NOT_AVAILABLE"
Directory: O:/Documents/S9/Cmake/github/cmakeorganized/tests/build
"test_version" start time: 
Output:
----------------------------------------------------------
<end of output>
Test time =   0.00 sec
----------------------------------------------------------
Test Passed.
"test_version" end time: Oct 05 15:10 Paris, Madrid (heure d?été)
"test_version" time elapsed: 00:00:00
----------------------------------------------------------

End testing: Oct 05 15:10 Paris, Madrid (heure d?été)
